# JRE version: OpenJDK Runtime Environment (19.0.2+7) (build 19.0.2+7-Ubuntu-0ubuntu322.04)
# Java VM: OpenJDK 64-Bit Server VM (19.0.2+7-Ubuntu-0ubuntu322.04, mixed mode, sharing, tiered, compressed oops, compressed class ptrs, g1 gc, linux-amd64)
GC Precious Log:
 CardTable entry size: 512
 Card Set container configuration: InlinePtr #cards 5 size 8 Array Of Cards #cards 12 size 40 Howl #buckets 4 coarsen threshold 1843 Howl Bitmap #cards 512 size 80 coarsen threshold 460 Card regions per heap region 1 cards per card region 2048
 CPUs: 20 total, 20 available
 Memory: 7752M
 Large Page Support: Disabled
 NUMA Support: Disabled
 Compressed Oops: Enabled (32-bit)
 Heap Region Size: 1M
 Heap Min Capacity: 8M
 Heap Initial Capacity: 122M
 Heap Max Capacity: 1940M
 Pre-touch: Disabled
 Parallel Workers: 15
 Concurrent Workers: 4
 Concurrent Refinement Workers: 15
 Periodic GC: Disabled
Heap:
 garbage-first heap   total 160768K, used 90213K [0x0000000086c00000, 0x0000000100000000)
  region size 1024K, 48 young (49152K), 1 survivors (1024K)
 Metaspace       used 31319K, committed 31872K, reserved 1114112K
  class space    used 3720K, committed 3968K, reserved 1048576K
GC Heap History (20 events):
Event: 0.566 GC heap before
{Heap before GC invocations=1 (full 0):
 garbage-first heap   total 126976K, used 63152K [0x0000000086c00000, 0x0000000100000000)
  region size 1024K, 61 young (62464K), 2 survivors (2048K)
 Metaspace       used 11398K, committed 11712K, reserved 1114112K
  class space    used 1310K, committed 1472K, reserved 1048576K
}
Event: 0.569 GC heap after
{Heap after GC invocations=2 (full 0):
 garbage-first heap   total 126976K, used 4443K [0x0000000086c00000, 0x0000000100000000)
  region size 1024K, 4 young (4096K), 4 survivors (4096K)
 Metaspace       used 11398K, committed 11712K, reserved 1114112K
  class space    used 1310K, committed 1472K, reserved 1048576K
}
Event: 0.859 GC heap before
{Heap before GC invocations=2 (full 0):
 garbage-first heap   total 126976K, used 74075K [0x0000000086c00000, 0x0000000100000000)
  region size 1024K, 73 young (74752K), 4 survivors (4096K)
 Metaspace       used 17642K, committed 17984K, reserved 1114112K
  class space    used 2053K, committed 2240K, reserved 1048576K
}
Event: 0.864 GC heap after
{Heap after GC invocations=3 (full 0):
 garbage-first heap   total 126976K, used 7136K [0x0000000086c00000, 0x0000000100000000)
  region size 1024K, 6 young (6144K), 6 survivors (6144K)
 Metaspace       used 17642K, committed 17984K, reserved 1114112K
  class space    used 2053K, committed 2240K, reserved 1048576K
}
Event: 1.092 GC heap before
{Heap before GC invocations=3 (full 0):
 garbage-first heap   total 126976K, used 38880K [0x0000000086c00000, 0x0000000100000000)
  region size 1024K, 38 young (38912K), 6 survivors (6144K)
 Metaspace       used 21144K, committed 21504K, reserved 1114112K
  class space    used 2502K, committed 2688K, reserved 1048576K
}
Event: 1.099 GC heap after
{Heap after GC invocations=4 (full 0):
 garbage-first heap   total 126976K, used 8549K [0x0000000086c00000, 0x0000000100000000)
  region size 1024K, 6 young (6144K), 6 survivors (6144K)
 Metaspace       used 21144K, committed 21504K, reserved 1114112K
  class space    used 2502K, committed 2688K, reserved 1048576K
}
Event: 1.263 GC heap before
{Heap before GC invocations=5 (full 0):
 garbage-first heap   total 37888K, used 36197K [0x0000000086c00000, 0x0000000100000000)
  region size 1024K, 33 young (33792K), 6 survivors (6144K)
 Metaspace       used 25193K, committed 25728K, reserved 1114112K
  class space    used 2995K, committed 3264K, reserved 1048576K
}
Event: 1.270 GC heap after
{Heap after GC invocations=6 (full 0):
 garbage-first heap   total 47104K, used 11316K [0x0000000086c00000, 0x0000000100000000)
  region size 1024K, 7 young (7168K), 7 survivors (7168K)
 Metaspace       used 25193K, committed 25728K, reserved 1114112K
  class space    used 2995K, committed 3264K, reserved 1048576K
}
Event: 1.275 GC heap before
{Heap before GC invocations=6 (full 0):
 garbage-first heap   total 47104K, used 12340K [0x0000000086c00000, 0x0000000100000000)
  region size 1024K, 8 young (8192K), 7 survivors (7168K)
 Metaspace       used 25279K, committed 25792K, reserved 1114112K
  class space    used 3005K, committed 3264K, reserved 1048576K
}
Event: 1.280 GC heap after
{Heap after GC invocations=7 (full 0):
 garbage-first heap   total 57344K, used 11517K [0x0000000086c00000, 0x0000000100000000)
  region size 1024K, 1 young (1024K), 1 survivors (1024K)
 Metaspace       used 25279K, committed 25792K, reserved 1114112K
  class space    used 3005K, committed 3264K, reserved 1048576K
}
Event: 13.752 GC heap before
{Heap before GC invocations=7 (full 0):
 garbage-first heap   total 57344K, used 43261K [0x0000000086c00000, 0x0000000100000000)
  region size 1024K, 32 young (32768K), 1 survivors (1024K)
 Metaspace       used 28333K, committed 28864K, reserved 1114112K
  class space    used 3391K, committed 3648K, reserved 1048576K
}
Event: 13.755 GC heap after
{Heap after GC invocations=8 (full 0):
 garbage-first heap   total 57344K, used 12488K [0x0000000086c00000, 0x0000000100000000)
  region size 1024K, 2 young (2048K), 2 survivors (2048K)
 Metaspace       used 28333K, committed 28864K, reserved 1114112K
  class space    used 3391K, committed 3648K, reserved 1048576K
}
Event: 13.878 GC heap before
{Heap before GC invocations=8 (full 0):
 garbage-first heap   total 57344K, used 50376K [0x0000000086c00000, 0x0000000100000000)
  region size 1024K, 32 young (32768K), 2 survivors (2048K)
 Metaspace       used 31312K, committed 31872K, reserved 1114112K
  class space    used 3717K, committed 3968K, reserved 1048576K
}
Event: 13.883 GC heap after
{Heap after GC invocations=9 (full 0):
 garbage-first heap   total 63488K, used 27784K [0x0000000086c00000, 0x0000000100000000)
  region size 1024K, 4 young (4096K), 4 survivors (4096K)
 Metaspace       used 31312K, committed 31872K, reserved 1114112K
  class space    used 3717K, committed 3968K, reserved 1048576K
}
Event: 13.890 GC heap before
{Heap before GC invocations=9 (full 0):
 garbage-first heap   total 63488K, used 43144K [0x0000000086c00000, 0x0000000100000000)
  region size 1024K, 19 young (19456K), 4 survivors (4096K)
 Metaspace       used 31314K, committed 31872K, reserved 1114112K
  class space    used 3717K, committed 3968K, reserved 1048576K
}
Event: 13.894 GC heap after
{Heap after GC invocations=10 (full 0):
 garbage-first heap   total 63488K, used 35386K [0x0000000086c00000, 0x0000000100000000)
  region size 1024K, 3 young (3072K), 3 survivors (3072K)
 Metaspace       used 31314K, committed 31872K, reserved 1114112K
  class space    used 3717K, committed 3968K, reserved 1048576K
}
Event: 13.897 GC heap before
{Heap before GC invocations=10 (full 0):
 garbage-first heap   total 63488K, used 43578K [0x0000000086c00000, 0x0000000100000000)
  region size 1024K, 11 young (11264K), 3 survivors (3072K)
 Metaspace       used 31314K, committed 31872K, reserved 1114112K
  class space    used 3717K, committed 3968K, reserved 1048576K
}
Event: 13.899 GC heap after
{Heap after GC invocations=11 (full 0):
 garbage-first heap   total 63488K, used 40055K [0x0000000086c00000, 0x0000000100000000)
  region size 1024K, 2 young (2048K), 2 survivors (2048K)
 Metaspace       used 31314K, committed 31872K, reserved 1114112K
  class space    used 3717K, committed 3968K, reserved 1048576K
}
Event: 13.902 GC heap before
{Heap before GC invocations=11 (full 0):
 garbage-first heap   total 63488K, used 45175K [0x0000000086c00000, 0x0000000100000000)
  region size 1024K, 7 young (7168K), 2 survivors (2048K)
 Metaspace       used 31314K, committed 31872K, reserved 1114112K
  class space    used 3717K, committed 3968K, reserved 1048576K
}
Event: 13.904 GC heap after
{Heap after GC invocations=12 (full 0):
 garbage-first heap   total 190464K, used 43109K [0x0000000086c00000, 0x0000000100000000)
  region size 1024K, 1 young (1024K), 1 survivors (1024K)
 Metaspace       used 31314K, committed 31872K, reserved 1114112K
  class space    used 3717K, committed 3968K, reserved 1048576K
}

