# JRE version: OpenJDK Runtime Environment (22.0+16) (build 22-ea+16-Ubuntu-1)
# Java VM: OpenJDK 64-Bit Server VM (22-ea+16-Ubuntu-1, mixed mode, sharing, tiered, compressed oops, compressed class ptrs, g1 gc, linux-amd64)
GC Precious Log:
 CardTable entry size: 512
 Card Set container configuration: InlinePtr #cards 5 size 8 Array Of Cards #cards 12 size 40 Howl #buckets 4 coarsen threshold 1843 Howl Bitmap #cards 512 size 80 coarsen threshold 460 Card regions per heap region 1 cards per card region 2048
 CPUs: 8 total, 8 available
 Memory: 7762M
 Large Page Support: Disabled
 NUMA Support: Disabled
 Compressed Oops: Enabled (32-bit)
 Heap Region Size: 1M
 Heap Min Capacity: 8M
 Heap Initial Capacity: 122M
 Heap Max Capacity: 1942M
 Pre-touch: Disabled
 Parallel Workers: 8
 Concurrent Workers: 2
 Concurrent Refinement Workers: 8
 Periodic GC: Disabled
Heap:
 garbage-first heap   total reserved 1988608K, committed 65536K, used 36707K [0x0000000086a00000, 0x0000000100000000)
  region size 1024K, 5 young (5120K), 4 survivors (4096K)
 Metaspace       used 31621K, committed 32128K, reserved 1114112K
  class space    used 3897K, committed 4096K, reserved 1048576K
GC Heap History (18 events):
Event: 0.372 GC heap before
{Heap before GC invocations=0 (full 0):
 garbage-first heap   total reserved 1988608K, committed 126976K, used 23583K [0x0000000086a00000, 0x0000000100000000)
  region size 1024K, 23 young (23552K), 0 survivors (0K)
 Metaspace       used 3620K, committed 3904K, reserved 1114112K
  class space    used 362K, committed 512K, reserved 1048576K
}
Event: 0.375 GC heap after
{Heap after GC invocations=1 (full 0):
 garbage-first heap   total reserved 1988608K, committed 126976K, used 2591K [0x0000000086a00000, 0x0000000100000000)
  region size 1024K, 2 young (2048K), 2 survivors (2048K)
 Metaspace       used 3620K, committed 3904K, reserved 1114112K
  class space    used 362K, committed 512K, reserved 1048576K
}
Event: 0.852 GC heap before
{Heap before GC invocations=1 (full 0):
 garbage-first heap   total reserved 1988608K, committed 126976K, used 59935K [0x0000000086a00000, 0x0000000100000000)
  region size 1024K, 59 young (60416K), 2 survivors (2048K)
 Metaspace       used 11205K, committed 11520K, reserved 1114112K
  class space    used 1323K, committed 1472K, reserved 1048576K
}
Event: 0.857 GC heap after
{Heap after GC invocations=2 (full 0):
 garbage-first heap   total reserved 1988608K, committed 126976K, used 5034K [0x0000000086a00000, 0x0000000100000000)
  region size 1024K, 4 young (4096K), 4 survivors (4096K)
 Metaspace       used 11205K, committed 11520K, reserved 1114112K
  class space    used 1323K, committed 1472K, reserved 1048576K
}
Event: 1.186 GC heap before
{Heap before GC invocations=2 (full 0):
 garbage-first heap   total reserved 1988608K, committed 126976K, used 75690K [0x0000000086a00000, 0x0000000100000000)
  region size 1024K, 73 young (74752K), 4 survivors (4096K)
 Metaspace       used 17214K, committed 17536K, reserved 1114112K
  class space    used 2087K, committed 2240K, reserved 1048576K
}
Event: 1.194 GC heap after
{Heap after GC invocations=3 (full 0):
 garbage-first heap   total reserved 1988608K, committed 126976K, used 7199K [0x0000000086a00000, 0x0000000100000000)
  region size 1024K, 6 young (6144K), 6 survivors (6144K)
 Metaspace       used 17214K, committed 17536K, reserved 1114112K
  class space    used 2087K, committed 2240K, reserved 1048576K
}
Event: 1.724 GC heap before
{Heap before GC invocations=3 (full 0):
 garbage-first heap   total reserved 1988608K, committed 126976K, used 52255K [0x0000000086a00000, 0x0000000100000000)
  region size 1024K, 51 young (52224K), 6 survivors (6144K)
 Metaspace       used 21050K, committed 21504K, reserved 1114112K
  class space    used 2559K, committed 2752K, reserved 1048576K
}
Event: 1.733 GC heap after
{Heap after GC invocations=4 (full 0):
 garbage-first heap   total reserved 1988608K, committed 126976K, used 9165K [0x0000000086a00000, 0x0000000100000000)
  region size 1024K, 7 young (7168K), 7 survivors (7168K)
 Metaspace       used 21050K, committed 21504K, reserved 1114112K
  class space    used 2559K, committed 2752K, reserved 1048576K
}
Event: 2.031 GC heap before
{Heap before GC invocations=5 (full 0):
 garbage-first heap   total reserved 1988608K, committed 37888K, used 35789K [0x0000000086a00000, 0x0000000100000000)
  region size 1024K, 33 young (33792K), 7 survivors (7168K)
 Metaspace       used 24573K, committed 25088K, reserved 1114112K
  class space    used 3020K, committed 3264K, reserved 1048576K
}
Event: 2.043 GC heap after
{Heap after GC invocations=6 (full 0):
 garbage-first heap   total reserved 1988608K, committed 46080K, used 10701K [0x0000000086a00000, 0x0000000100000000)
  region size 1024K, 6 young (6144K), 6 survivors (6144K)
 Metaspace       used 24573K, committed 25088K, reserved 1114112K
  class space    used 3020K, committed 3264K, reserved 1048576K
}
Event: 2.239 GC heap before
{Heap before GC invocations=6 (full 0):
 garbage-first heap   total reserved 1988608K, committed 46080K, used 32205K [0x0000000086a00000, 0x0000000100000000)
  region size 1024K, 27 young (27648K), 6 survivors (6144K)
 Metaspace       used 26574K, committed 27072K, reserved 1114112K
  class space    used 3286K, committed 3520K, reserved 1048576K
}
Event: 2.244 GC heap after
{Heap after GC invocations=7 (full 0):
 garbage-first heap   total reserved 1988608K, committed 46080K, used 12170K [0x0000000086a00000, 0x0000000100000000)
  region size 1024K, 4 young (4096K), 4 survivors (4096K)
 Metaspace       used 26574K, committed 27072K, reserved 1114112K
  class space    used 3286K, committed 3520K, reserved 1048576K
}
Event: 76.027 GC heap before
{Heap before GC invocations=7 (full 0):
 garbage-first heap   total reserved 1988608K, committed 46080K, used 35722K [0x0000000086a00000, 0x0000000100000000)
  region size 1024K, 27 young (27648K), 4 survivors (4096K)
 Metaspace       used 28818K, committed 29376K, reserved 1114112K
  class space    used 3578K, committed 3840K, reserved 1048576K
}
Event: 76.032 GC heap after
{Heap after GC invocations=8 (full 0):
 garbage-first heap   total reserved 1988608K, committed 56320K, used 13621K [0x0000000086a00000, 0x0000000100000000)
  region size 1024K, 3 young (3072K), 3 survivors (3072K)
 Metaspace       used 28818K, committed 29376K, reserved 1114112K
  class space    used 3578K, committed 3840K, reserved 1048576K
}
Event: 76.281 GC heap before
{Heap before GC invocations=8 (full 0):
 garbage-first heap   total reserved 1988608K, committed 56320K, used 46389K [0x0000000086a00000, 0x0000000100000000)
  region size 1024K, 33 young (33792K), 3 survivors (3072K)
 Metaspace       used 31597K, committed 32128K, reserved 1114112K
  class space    used 3892K, committed 4096K, reserved 1048576K
}
Event: 76.290 GC heap after
{Heap after GC invocations=9 (full 0):
 garbage-first heap   total reserved 1988608K, committed 59392K, used 24420K [0x0000000086a00000, 0x0000000100000000)
  region size 1024K, 5 young (5120K), 5 survivors (5120K)
 Metaspace       used 31597K, committed 32128K, reserved 1114112K
  class space    used 3892K, committed 4096K, reserved 1048576K
}
Event: 76.314 GC heap before
{Heap before GC invocations=9 (full 0):
 garbage-first heap   total reserved 1988608K, committed 59392K, used 46948K [0x0000000086a00000, 0x0000000100000000)
  region size 1024K, 27 young (27648K), 5 survivors (5120K)
 Metaspace       used 31598K, committed 32128K, reserved 1114112K
  class space    used 3892K, committed 4096K, reserved 1048576K
}
Event: 76.327 GC heap after
{Heap after GC invocations=10 (full 0):
 garbage-first heap   total reserved 1988608K, committed 65536K, used 36707K [0x0000000086a00000, 0x0000000100000000)
  region size 1024K, 4 young (4096K), 4 survivors (4096K)
 Metaspace       used 31598K, committed 32128K, reserved 1114112K
  class space    used 3892K, committed 4096K, reserved 1048576K
}

