# JRE version: OpenJDK Runtime Environment (22.0+16) (build 22-ea+16-Ubuntu-1)
# Java VM: OpenJDK 64-Bit Server VM (22-ea+16-Ubuntu-1, mixed mode, sharing, tiered, compressed oops, compressed class ptrs, g1 gc, linux-amd64)
GC Precious Log:
 CardTable entry size: 512
 Card Set container configuration: InlinePtr #cards 5 size 8 Array Of Cards #cards 12 size 40 Howl #buckets 4 coarsen threshold 1843 Howl Bitmap #cards 512 size 80 coarsen threshold 460 Card regions per heap region 1 cards per card region 2048
 CPUs: 8 total, 8 available
 Memory: 7762M
 Large Page Support: Disabled
 NUMA Support: Disabled
 Compressed Oops: Enabled (32-bit)
 Heap Region Size: 1M
 Heap Min Capacity: 8M
 Heap Initial Capacity: 122M
 Heap Max Capacity: 1942M
 Pre-touch: Disabled
 Parallel Workers: 8
 Concurrent Workers: 2
 Concurrent Refinement Workers: 8
 Periodic GC: Disabled
Heap:
 garbage-first heap   total reserved 1988608K, committed 64512K, used 40951K [0x0000000086a00000, 0x0000000100000000)
  region size 1024K, 13 young (13312K), 4 survivors (4096K)
 Metaspace       used 31584K, committed 32064K, reserved 1114112K
  class space    used 3894K, committed 4096K, reserved 1048576K
GC Heap History (18 events):
Event: 0.383 GC heap before
{Heap before GC invocations=0 (full 0):
 garbage-first heap   total reserved 1988608K, committed 126976K, used 23583K [0x0000000086a00000, 0x0000000100000000)
  region size 1024K, 23 young (23552K), 0 survivors (0K)
 Metaspace       used 3620K, committed 3904K, reserved 1114112K
  class space    used 362K, committed 512K, reserved 1048576K
}
Event: 0.386 GC heap after
{Heap after GC invocations=1 (full 0):
 garbage-first heap   total reserved 1988608K, committed 126976K, used 2719K [0x0000000086a00000, 0x0000000100000000)
  region size 1024K, 2 young (2048K), 2 survivors (2048K)
 Metaspace       used 3620K, committed 3904K, reserved 1114112K
  class space    used 362K, committed 512K, reserved 1048576K
}
Event: 0.944 GC heap before
{Heap before GC invocations=1 (full 0):
 garbage-first heap   total reserved 1988608K, committed 126976K, used 60063K [0x0000000086a00000, 0x0000000100000000)
  region size 1024K, 58 young (59392K), 2 survivors (2048K)
 Metaspace       used 11208K, committed 11584K, reserved 1114112K
  class space    used 1319K, committed 1472K, reserved 1048576K
}
Event: 0.949 GC heap after
{Heap after GC invocations=2 (full 0):
 garbage-first heap   total reserved 1988608K, committed 126976K, used 5034K [0x0000000086a00000, 0x0000000100000000)
  region size 1024K, 4 young (4096K), 4 survivors (4096K)
 Metaspace       used 11208K, committed 11584K, reserved 1114112K
  class space    used 1319K, committed 1472K, reserved 1048576K
}
Event: 1.312 GC heap before
{Heap before GC invocations=2 (full 0):
 garbage-first heap   total reserved 1988608K, committed 126976K, used 74666K [0x0000000086a00000, 0x0000000100000000)
  region size 1024K, 73 young (74752K), 4 survivors (4096K)
 Metaspace       used 17203K, committed 17536K, reserved 1114112K
  class space    used 2084K, committed 2240K, reserved 1048576K
}
Event: 1.319 GC heap after
{Heap after GC invocations=3 (full 0):
 garbage-first heap   total reserved 1988608K, committed 126976K, used 7408K [0x0000000086a00000, 0x0000000100000000)
  region size 1024K, 7 young (7168K), 7 survivors (7168K)
 Metaspace       used 17203K, committed 17536K, reserved 1114112K
  class space    used 2084K, committed 2240K, reserved 1048576K
}
Event: 1.776 GC heap before
{Heap before GC invocations=3 (full 0):
 garbage-first heap   total reserved 1988608K, committed 126976K, used 52464K [0x0000000086a00000, 0x0000000100000000)
  region size 1024K, 52 young (53248K), 7 survivors (7168K)
 Metaspace       used 21033K, committed 21504K, reserved 1114112K
  class space    used 2563K, committed 2752K, reserved 1048576K
}
Event: 1.786 GC heap after
{Heap after GC invocations=4 (full 0):
 garbage-first heap   total reserved 1988608K, committed 126976K, used 8642K [0x0000000086a00000, 0x0000000100000000)
  region size 1024K, 6 young (6144K), 6 survivors (6144K)
 Metaspace       used 21033K, committed 21504K, reserved 1114112K
  class space    used 2563K, committed 2752K, reserved 1048576K
}
Event: 2.072 GC heap before
{Heap before GC invocations=5 (full 0):
 garbage-first heap   total reserved 1988608K, committed 34816K, used 33218K [0x0000000086a00000, 0x0000000100000000)
  region size 1024K, 30 young (30720K), 6 survivors (6144K)
 Metaspace       used 24199K, committed 24704K, reserved 1114112K
  class space    used 2990K, committed 3200K, reserved 1048576K
}
Event: 2.083 GC heap after
{Heap after GC invocations=6 (full 0):
 garbage-first heap   total reserved 1988608K, committed 44032K, used 10877K [0x0000000086a00000, 0x0000000100000000)
  region size 1024K, 6 young (6144K), 6 survivors (6144K)
 Metaspace       used 24199K, committed 24704K, reserved 1114112K
  class space    used 2990K, committed 3200K, reserved 1048576K
}
Event: 2.306 GC heap before
{Heap before GC invocations=6 (full 0):
 garbage-first heap   total reserved 1988608K, committed 44032K, used 30333K [0x0000000086a00000, 0x0000000100000000)
  region size 1024K, 25 young (25600K), 6 survivors (6144K)
 Metaspace       used 26204K, committed 26752K, reserved 1114112K
  class space    used 3245K, committed 3456K, reserved 1048576K
}
Event: 2.312 GC heap after
{Heap after GC invocations=7 (full 0):
 garbage-first heap   total reserved 1988608K, committed 44032K, used 12307K [0x0000000086a00000, 0x0000000100000000)
  region size 1024K, 4 young (4096K), 4 survivors (4096K)
 Metaspace       used 26204K, committed 26752K, reserved 1114112K
  class space    used 3245K, committed 3456K, reserved 1048576K
}
Event: 2.545 GC heap before
{Heap before GC invocations=7 (full 0):
 garbage-first heap   total reserved 1988608K, committed 44032K, used 33811K [0x0000000086a00000, 0x0000000100000000)
  region size 1024K, 25 young (25600K), 4 survivors (4096K)
 Metaspace       used 27859K, committed 28352K, reserved 1114112K
  class space    used 3459K, committed 3648K, reserved 1048576K
}
Event: 2.549 GC heap after
{Heap after GC invocations=8 (full 0):
 garbage-first heap   total reserved 1988608K, committed 44032K, used 13590K [0x0000000086a00000, 0x0000000100000000)
  region size 1024K, 3 young (3072K), 3 survivors (3072K)
 Metaspace       used 27859K, committed 28352K, reserved 1114112K
  class space    used 3459K, committed 3648K, reserved 1048576K
}
Event: 48.353 GC heap before
{Heap before GC invocations=8 (full 0):
 garbage-first heap   total reserved 1988608K, committed 44032K, used 38166K [0x0000000086a00000, 0x0000000100000000)
  region size 1024K, 25 young (25600K), 3 survivors (3072K)
 Metaspace       used 31533K, committed 32064K, reserved 1114112K
  class space    used 3890K, committed 4096K, reserved 1048576K
}
Event: 48.357 GC heap after
{Heap after GC invocations=9 (full 0):
 garbage-first heap   total reserved 1988608K, committed 54272K, used 17763K [0x0000000086a00000, 0x0000000100000000)
  region size 1024K, 3 young (3072K), 3 survivors (3072K)
 Metaspace       used 31533K, committed 32064K, reserved 1114112K
  class space    used 3890K, committed 4096K, reserved 1048576K
}
Event: 48.435 GC heap before
{Heap before GC invocations=9 (full 0):
 garbage-first heap   total reserved 1988608K, committed 54272K, used 45411K [0x0000000086a00000, 0x0000000100000000)
  region size 1024K, 30 young (30720K), 3 survivors (3072K)
 Metaspace       used 31561K, committed 32064K, reserved 1114112K
  class space    used 3890K, committed 4096K, reserved 1048576K
}
Event: 48.445 GC heap after
{Heap after GC invocations=10 (full 0):
 garbage-first heap   total reserved 1988608K, committed 64512K, used 32759K [0x0000000086a00000, 0x0000000100000000)
  region size 1024K, 4 young (4096K), 4 survivors (4096K)
 Metaspace       used 31561K, committed 32064K, reserved 1114112K
  class space    used 3890K, committed 4096K, reserved 1048576K
}

