# JRE version: OpenJDK Runtime Environment (19.0.2+7) (build 19.0.2+7-Ubuntu-0ubuntu322.04)
# Java VM: OpenJDK 64-Bit Server VM (19.0.2+7-Ubuntu-0ubuntu322.04, mixed mode, sharing, tiered, compressed oops, compressed class ptrs, g1 gc, linux-amd64)
GC Precious Log:
 CardTable entry size: 512
 Card Set container configuration: InlinePtr #cards 5 size 8 Array Of Cards #cards 12 size 40 Howl #buckets 4 coarsen threshold 1843 Howl Bitmap #cards 512 size 80 coarsen threshold 460 Card regions per heap region 1 cards per card region 2048
 CPUs: 20 total, 20 available
 Memory: 7752M
 Large Page Support: Disabled
 NUMA Support: Disabled
 Compressed Oops: Enabled (32-bit)
 Heap Region Size: 1M
 Heap Min Capacity: 8M
 Heap Initial Capacity: 122M
 Heap Max Capacity: 1940M
 Pre-touch: Disabled
 Parallel Workers: 15
 Concurrent Workers: 4
 Concurrent Refinement Workers: 15
 Periodic GC: Disabled
Heap:
 garbage-first heap   total 409600K, used 193477K [0x0000000086c00000, 0x0000000100000000)
  region size 1024K, 46 young (47104K), 3 survivors (3072K)
 Metaspace       used 31677K, committed 32256K, reserved 1114112K
  class space    used 3750K, committed 4032K, reserved 1048576K
GC Heap History (20 events):
Event: 17.403 GC heap before
{Heap before GC invocations=8 (full 0):
 garbage-first heap   total 60416K, used 52679K [0x0000000086c00000, 0x0000000100000000)
  region size 1024K, 35 young (35840K), 3 survivors (3072K)
 Metaspace       used 31295K, committed 31808K, reserved 1114112K
  class space    used 3715K, committed 3968K, reserved 1048576K
}
Event: 17.408 GC heap after
{Heap after GC invocations=9 (full 0):
 garbage-first heap   total 69632K, used 31177K [0x0000000086c00000, 0x0000000100000000)
  region size 1024K, 5 young (5120K), 5 survivors (5120K)
 Metaspace       used 31295K, committed 31808K, reserved 1114112K
  class space    used 3715K, committed 3968K, reserved 1048576K
}
Event: 17.414 GC heap before
{Heap before GC invocations=9 (full 0):
 garbage-first heap   total 69632K, used 46537K [0x0000000086c00000, 0x0000000100000000)
  region size 1024K, 20 young (20480K), 5 survivors (5120K)
 Metaspace       used 31295K, committed 31808K, reserved 1114112K
  class space    used 3715K, committed 3968K, reserved 1048576K
}
Event: 17.419 GC heap after
{Heap after GC invocations=10 (full 0):
 garbage-first heap   total 69632K, used 39143K [0x0000000086c00000, 0x0000000100000000)
  region size 1024K, 3 young (3072K), 3 survivors (3072K)
 Metaspace       used 31295K, committed 31808K, reserved 1114112K
  class space    used 3715K, committed 3968K, reserved 1048576K
}
Event: 17.422 GC heap before
{Heap before GC invocations=10 (full 0):
 garbage-first heap   total 69632K, used 49383K [0x0000000086c00000, 0x0000000100000000)
  region size 1024K, 13 young (13312K), 3 survivors (3072K)
 Metaspace       used 31295K, committed 31808K, reserved 1114112K
  class space    used 3715K, committed 3968K, reserved 1048576K
}
Event: 17.425 GC heap after
{Heap after GC invocations=11 (full 0):
 garbage-first heap   total 69632K, used 45225K [0x0000000086c00000, 0x0000000100000000)
  region size 1024K, 2 young (2048K), 2 survivors (2048K)
 Metaspace       used 31295K, committed 31808K, reserved 1114112K
  class space    used 3715K, committed 3968K, reserved 1048576K
}
Event: 17.428 GC heap before
{Heap before GC invocations=11 (full 0):
 garbage-first heap   total 69632K, used 52393K [0x0000000086c00000, 0x0000000100000000)
  region size 1024K, 9 young (9216K), 2 survivors (2048K)
 Metaspace       used 31295K, committed 31808K, reserved 1114112K
  class space    used 3715K, committed 3968K, reserved 1048576K
}
Event: 17.431 GC heap after
{Heap after GC invocations=12 (full 0):
 garbage-first heap   total 208896K, used 49450K [0x0000000086c00000, 0x0000000100000000)
  region size 1024K, 2 young (2048K), 2 survivors (2048K)
 Metaspace       used 31295K, committed 31808K, reserved 1114112K
  class space    used 3715K, committed 3968K, reserved 1048576K
}
Event: 18.007 GC heap before
{Heap before GC invocations=13 (full 0):
 garbage-first heap   total 198656K, used 122154K [0x0000000086c00000, 0x0000000100000000)
  region size 1024K, 73 young (74752K), 2 survivors (2048K)
 Metaspace       used 31300K, committed 31808K, reserved 1114112K
  class space    used 3717K, committed 3968K, reserved 1048576K
}
Event: 18.035 GC heap after
{Heap after GC invocations=14 (full 0):
 garbage-first heap   total 198656K, used 104372K [0x0000000086c00000, 0x0000000100000000)
  region size 1024K, 10 young (10240K), 10 survivors (10240K)
 Metaspace       used 31300K, committed 31808K, reserved 1114112K
  class space    used 3717K, committed 3968K, reserved 1048576K
}
Event: 18.049 GC heap before
{Heap before GC invocations=14 (full 0):
 garbage-first heap   total 198656K, used 106420K [0x0000000086c00000, 0x0000000100000000)
  region size 1024K, 12 young (12288K), 10 survivors (10240K)
 Metaspace       used 31300K, committed 31808K, reserved 1114112K
  class space    used 3717K, committed 3968K, reserved 1048576K
}
Event: 18.058 GC heap after
{Heap after GC invocations=15 (full 0):
 garbage-first heap   total 198656K, used 109536K [0x0000000086c00000, 0x0000000100000000)
  region size 1024K, 2 young (2048K), 2 survivors (2048K)
 Metaspace       used 31300K, committed 31808K, reserved 1114112K
  class space    used 3717K, committed 3968K, reserved 1048576K
}
Event: 18.109 GC heap before
{Heap before GC invocations=15 (full 0):
 garbage-first heap   total 198656K, used 116704K [0x0000000086c00000, 0x0000000100000000)
  region size 1024K, 10 young (10240K), 2 survivors (2048K)
 Metaspace       used 31304K, committed 31808K, reserved 1114112K
  class space    used 3718K, committed 3968K, reserved 1048576K
}
Event: 18.114 GC heap after
{Heap after GC invocations=16 (full 0):
 garbage-first heap   total 198656K, used 119587K [0x0000000086c00000, 0x0000000100000000)
  region size 1024K, 4 young (4096K), 4 survivors (4096K)
 Metaspace       used 31304K, committed 31808K, reserved 1114112K
  class space    used 3718K, committed 3968K, reserved 1048576K
}
Event: 18.131 GC heap before
{Heap before GC invocations=16 (full 0):
 garbage-first heap   total 198656K, used 145187K [0x0000000086c00000, 0x0000000100000000)
  region size 1024K, 22 young (22528K), 4 survivors (4096K)
 Metaspace       used 31333K, committed 31872K, reserved 1114112K
  class space    used 3720K, committed 3968K, reserved 1048576K
}
Event: 18.133 GC heap after
{Heap after GC invocations=17 (full 0):
 garbage-first heap   total 409600K, used 127546K [0x0000000086c00000, 0x0000000100000000)
  region size 1024K, 1 young (1024K), 1 survivors (1024K)
 Metaspace       used 31333K, committed 31872K, reserved 1114112K
  class space    used 3720K, committed 3968K, reserved 1048576K
}
Event: 202.279 GC heap before
{Heap before GC invocations=18 (full 0):
 garbage-first heap   total 409600K, used 215610K [0x0000000086c00000, 0x0000000100000000)
  region size 1024K, 85 young (87040K), 1 survivors (1024K)
 Metaspace       used 31671K, committed 32256K, reserved 1114112K
  class space    used 3748K, committed 4032K, reserved 1048576K
}
Event: 202.291 GC heap after
{Heap after GC invocations=19 (full 0):
 garbage-first heap   total 409600K, used 147204K [0x0000000086c00000, 0x0000000100000000)
  region size 1024K, 11 young (11264K), 11 survivors (11264K)
 Metaspace       used 31671K, committed 32256K, reserved 1114112K
  class space    used 3748K, committed 4032K, reserved 1048576K
}
Event: 202.296 GC heap before
{Heap before GC invocations=19 (full 0):
 garbage-first heap   total 409600K, used 156420K [0x0000000086c00000, 0x0000000100000000)
  region size 1024K, 20 young (20480K), 11 survivors (11264K)
 Metaspace       used 31671K, committed 32256K, reserved 1114112K
  class space    used 3748K, committed 4032K, reserved 1048576K
}
Event: 202.301 GC heap after
{Heap after GC invocations=20 (full 0):
 garbage-first heap   total 409600K, used 150469K [0x0000000086c00000, 0x0000000100000000)
  region size 1024K, 3 young (3072K), 3 survivors (3072K)
 Metaspace       used 31671K, committed 32256K, reserved 1114112K
  class space    used 3748K, committed 4032K, reserved 1048576K
}

